0 info it worked if it ends with ok
1 verbose cli [ '/Users/dsegal/.nvm/v0.10.38/bin/node',
1 verbose cli   '/Users/dsegal/.nvm/v0.10.38/bin/npm',
1 verbose cli   'publish' ]
2 info using npm@1.4.28
3 info using node@v0.10.38
4 verbose publish [ '.' ]
5 verbose cache add [ '.', null ]
6 verbose cache add name=undefined spec="." args=[".",null]
7 verbose parsed url { protocol: null,
7 verbose parsed url   slashes: null,
7 verbose parsed url   auth: null,
7 verbose parsed url   host: null,
7 verbose parsed url   port: null,
7 verbose parsed url   hostname: null,
7 verbose parsed url   hash: null,
7 verbose parsed url   search: null,
7 verbose parsed url   query: null,
7 verbose parsed url   pathname: '.',
7 verbose parsed url   path: '.',
7 verbose parsed url   href: '.' }
8 silly lockFile 3a52ce78- .
9 verbose lock . /Users/dsegal/.npm/3a52ce78-.lock
10 verbose tar pack [ '/Users/dsegal/.npm/grunt-jira/0.0.1/package.tgz', '.' ]
11 verbose tarball /Users/dsegal/.npm/grunt-jira/0.0.1/package.tgz
12 verbose folder .
13 info prepublish grunt-jira@0.0.1
14 silly lockFile 1f1177db-tar tar://.
15 verbose lock tar://. /Users/dsegal/.npm/1f1177db-tar.lock
16 silly lockFile 1079af7a-npm-grunt-jira-0-0-1-package-tgz tar:///Users/dsegal/.npm/grunt-jira/0.0.1/package.tgz
17 verbose lock tar:///Users/dsegal/.npm/grunt-jira/0.0.1/package.tgz /Users/dsegal/.npm/1079af7a-npm-grunt-jira-0-0-1-package-tgz.lock
18 silly lockFile 1f1177db-tar tar://.
19 silly lockFile 1f1177db-tar tar://.
20 silly lockFile 1079af7a-npm-grunt-jira-0-0-1-package-tgz tar:///Users/dsegal/.npm/grunt-jira/0.0.1/package.tgz
21 silly lockFile 1079af7a-npm-grunt-jira-0-0-1-package-tgz tar:///Users/dsegal/.npm/grunt-jira/0.0.1/package.tgz
22 silly lockFile 18543c8d-gal-npm-grunt-jira-0-0-1-package /Users/dsegal/.npm/grunt-jira/0.0.1/package
23 verbose lock /Users/dsegal/.npm/grunt-jira/0.0.1/package /Users/dsegal/.npm/18543c8d-gal-npm-grunt-jira-0-0-1-package.lock
24 silly lockFile 18543c8d-gal-npm-grunt-jira-0-0-1-package /Users/dsegal/.npm/grunt-jira/0.0.1/package
25 silly lockFile 18543c8d-gal-npm-grunt-jira-0-0-1-package /Users/dsegal/.npm/grunt-jira/0.0.1/package
26 silly lockFile 3a52ce78- .
27 silly lockFile 3a52ce78- .
28 silly publish { name: 'grunt-jira',
28 silly publish   version: '0.0.1',
28 silly publish   description: 'Grunt task for working with jira',
28 silly publish   main: 'Gruntfile.js',
28 silly publish   scripts: { test: 'grunt test' },
28 silly publish   repository:
28 silly publish    { type: 'git',
28 silly publish      url: 'https://github.com/doron2402/grunt-jira.git' },
28 silly publish   keywords: [ 'grunt', 'jira', 'jira', 'rest', 'jira', 'rest', 'api' ],
28 silly publish   author: { name: 'Doron Segal', email: 'doron2402@gmail.com' },
28 silly publish   license: 'ISC',
28 silly publish   bugs: { url: 'https://github.com/doron2402/grunt-jira/issues' },
28 silly publish   homepage: 'https://github.com/doron2402/grunt-jira',
28 silly publish   dependencies: { jira: '^0.9.2', q: '^1.4.1' },
28 silly publish   peerDependencies: { grunt: '~0.4.2' },
28 silly publish   devDependencies:
28 silly publish    { 'grunt-cli': '~0.1.13',
28 silly publish      'grunt-mocha-test': '~0.9.0',
28 silly publish      'grunt-contrib-jshint': '~0.8.0',
28 silly publish      should: '~3.1.2' },
28 silly publish   directories: { test: 'tests' },
28 silly publish   readme: '# grunt-jira\n',
28 silly publish   readmeFilename: 'README.md',
28 silly publish   gitHead: '80b7aba853118cd72397c3caff3ad3edc4a7550a',
28 silly publish   _id: 'grunt-jira@0.0.1',
28 silly publish   _shasum: '023c75a756303845b549c7d868b59663dda60381',
28 silly publish   _from: '.' }
29 verbose request where is /grunt-jira
30 verbose request registry https://registry.npmjs.org/
31 verbose request id c543183ea43f83d7
32 verbose url raw /grunt-jira
33 verbose url resolving [ 'https://registry.npmjs.org/', './grunt-jira' ]
34 verbose url resolved https://registry.npmjs.org/grunt-jira
35 verbose request where is https://registry.npmjs.org/grunt-jira
36 info trying registry request attempt 1 at 13:04:18
37 http PUT https://registry.npmjs.org/grunt-jira
38 http 404 https://registry.npmjs.org/grunt-jira
39 verbose headers { 'content-type': 'application/json',
39 verbose headers   'cache-control': 'max-age=0',
39 verbose headers   'content-length': '21',
39 verbose headers   'accept-ranges': 'bytes',
39 verbose headers   date: 'Mon, 01 Jun 2015 20:04:17 GMT',
39 verbose headers   via: '1.1 varnish',
39 verbose headers   connection: 'keep-alive',
39 verbose headers   'x-served-by': 'cache-lax1420-LAX',
39 verbose headers   'x-cache': 'MISS',
39 verbose headers   'x-cache-hits': '0',
39 verbose headers   'x-timer': 'S1433189056.953790,VS0,VE165' }
40 error publish Failed PUT 404
41 error Error: Not found : grunt-jira
41 error     at RegClient.<anonymous> (/Users/dsegal/.nvm/v0.10.38/lib/node_modules/npm/node_modules/npm-registry-client/lib/request.js:308:14)
41 error     at Request._callback (/Users/dsegal/.nvm/v0.10.38/lib/node_modules/npm/node_modules/npm-registry-client/lib/request.js:246:65)
41 error     at Request.self.callback (/Users/dsegal/.nvm/v0.10.38/lib/node_modules/npm/node_modules/request/request.js:236:22)
41 error     at Request.emit (events.js:98:17)
41 error     at Request.<anonymous> (/Users/dsegal/.nvm/v0.10.38/lib/node_modules/npm/node_modules/request/request.js:1142:14)
41 error     at Request.emit (events.js:117:20)
41 error     at IncomingMessage.<anonymous> (/Users/dsegal/.nvm/v0.10.38/lib/node_modules/npm/node_modules/request/request.js:1096:12)
41 error     at IncomingMessage.emit (events.js:117:20)
41 error     at _stream_readable.js:944:16
41 error     at process._tickCallback (node.js:448:13)
42 error If you need help, you may report this *entire* log,
42 error including the npm and node versions, at:
42 error     <http://github.com/npm/npm/issues>
43 error System Darwin 14.3.0
44 error command "/Users/dsegal/.nvm/v0.10.38/bin/node" "/Users/dsegal/.nvm/v0.10.38/bin/npm" "publish"
45 error cwd /Users/dsegal/webdev/grunt-jira
46 error node -v v0.10.38
47 error npm -v 1.4.28
48 verbose exit [ 1, true ]
